<?xml version="1.0" encoding="UTF-8"?>
<testng-results skipped="0" failed="0" ignored="0" total="0" passed="0">
  <reporter-output>
  </reporter-output>
  <suite name="winium.demo.AppTest" duration-ms="11" started-at="2018-02-24T07:19:48Z" finished-at="2018-02-24T07:19:48Z">
    <groups>
    </groups>
    <test name="Command line test" duration-ms="11" started-at="2018-02-24T07:19:48Z" finished-at="2018-02-24T07:19:48Z">
    </test> <!-- Command line test -->
  </suite> <!-- winium.demo.AppTest -->
</testng-results>
